{"/Users/angelazrail/Hexlet/frontend-project-lvl2/utils.js": {"path":"/Users/angelazrail/Hexlet/frontend-project-lvl2/utils.js","statementMap":{"0":{"start":{"line":3,"column":20},"end":{"line":20,"column":1}},"1":{"start":{"line":4,"column":18},"end":{"line":4,"column":68}},"2":{"start":{"line":5,"column":15},"end":{"line":5,"column":20}},"3":{"start":{"line":6,"column":2},"end":{"line":17,"column":5}},"4":{"start":{"line":7,"column":4},"end":{"line":16,"column":5}},"5":{"start":{"line":8,"column":6},"end":{"line":10,"column":7}},"6":{"start":{"line":9,"column":8},"end":{"line":9,"column":49}},"7":{"start":{"line":11,"column":6},"end":{"line":13,"column":7}},"8":{"start":{"line":12,"column":8},"end":{"line":12,"column":51}},"9":{"start":{"line":15,"column":6},"end":{"line":15,"column":47}},"10":{"start":{"line":18,"column":2},"end":{"line":18,"column":16}},"11":{"start":{"line":19,"column":2},"end":{"line":19,"column":16}},"12":{"start":{"line":22,"column":23},"end":{"line":22,"column":62}},"13":{"start":{"line":22,"column":37},"end":{"line":22,"column":62}}},"fnMap":{"0":{"name":"(anonymous_0)","decl":{"start":{"line":3,"column":20},"end":{"line":3,"column":21}},"loc":{"start":{"line":3,"column":44},"end":{"line":20,"column":1}},"line":3},"1":{"name":"(anonymous_1)","decl":{"start":{"line":6,"column":18},"end":{"line":6,"column":19}},"loc":{"start":{"line":6,"column":27},"end":{"line":17,"column":3}},"line":6},"2":{"name":"(anonymous_2)","decl":{"start":{"line":22,"column":23},"end":{"line":22,"column":24}},"loc":{"start":{"line":22,"column":37},"end":{"line":22,"column":62}},"line":22}},"branchMap":{"0":{"loc":{"start":{"line":7,"column":4},"end":{"line":16,"column":5}},"type":"if","locations":[{"start":{"line":7,"column":4},"end":{"line":16,"column":5}},{"start":{"line":14,"column":11},"end":{"line":16,"column":5}}],"line":7},"1":{"loc":{"start":{"line":8,"column":6},"end":{"line":10,"column":7}},"type":"if","locations":[{"start":{"line":8,"column":6},"end":{"line":10,"column":7}},{"start":{},"end":{}}],"line":8},"2":{"loc":{"start":{"line":11,"column":6},"end":{"line":13,"column":7}},"type":"if","locations":[{"start":{"line":11,"column":6},"end":{"line":13,"column":7}},{"start":{},"end":{}}],"line":11}},"s":{"0":1,"1":1,"2":1,"3":1,"4":5,"5":4,"6":3,"7":4,"8":2,"9":1,"10":1,"11":1,"12":1,"13":0},"f":{"0":1,"1":5,"2":0},"b":{"0":[4,1],"1":[3,1],"2":[2,2]},"_coverageSchema":"1a1c01bbd47fc00a2c39e90264f33305004495a9","hash":"0e39067dbdf286a066c07c63117d49f46efde59f"}
,"/Users/angelazrail/Hexlet/frontend-project-lvl2/__fixtures__/json-completed.js": {"path":"/Users/angelazrail/Hexlet/frontend-project-lvl2/__fixtures__/json-completed.js","statementMap":{"0":{"start":{"line":2,"column":2},"end":{"line":9,"column":5}},"1":{"start":{"line":12,"column":2},"end":{"line":16,"column":5}},"2":{"start":{"line":19,"column":4},"end":{"line":24,"column":7}}},"fnMap":{},"branchMap":{},"s":{"0":1,"1":1,"2":1},"f":{},"b":{},"_coverageSchema":"1a1c01bbd47fc00a2c39e90264f33305004495a9","hash":"725a2bce263400d114689d9136ad9e3bb1150b05"}
,"/Users/angelazrail/Hexlet/frontend-project-lvl2/__fixtures__/parsed.js": {"path":"/Users/angelazrail/Hexlet/frontend-project-lvl2/__fixtures__/parsed.js","statementMap":{"0":{"start":{"line":1,"column":21},"end":{"line":6,"column":1}},"1":{"start":{"line":8,"column":21},"end":{"line":12,"column":1}}},"fnMap":{},"branchMap":{},"s":{"0":1,"1":1},"f":{},"b":{},"_coverageSchema":"1a1c01bbd47fc00a2c39e90264f33305004495a9","hash":"43ea2866370c2fc4179a685f7d213765f976ae3f"}
}
